<?xml version="1.0" encoding="UTF-8"?>
<!-- Generated by org.testng.reporters.JUnitReportReporter -->
<testsuite hostname="KELLGGNCPU0350" failures="0" tests="1" name="com.test.jellyfish.LoginTest" time="14.095" errors="0" timestamp="2020-03-12T14:50:17 IST" skipped="0">
  <testcase classname="com.test.jellyfish.LoginTest" name="retail_login" time="14.095"/>
</testsuite> <!-- com.test.jellyfish.LoginTest -->
